<?xml version="1.0" encoding="UTF-8"?>
<!-- Generated by org.testng.reporters.JUnitReportReporter -->
<testsuite name="Tests.TestCases" tests="1" time="21.061" ignored="0" failures="0" timestamp="16 Jul 2020 08:44:58 GMT" skipped="0" hostname="Buto" errors="0">
  <testcase name="testMethod" time="21.061" classname="Tests.TestCases"/>
</testsuite> <!-- Tests.TestCases -->
